<?xml version="1.0" encoding="UTF-8"?>
<testng-results ignored="0" total="8" passed="8" failed="0" skipped="0">
  <reporter-output>
  </reporter-output>
  <suite started-at="2026-02-15T15:28:17 EST" name="Automation Test Suite" finished-at="2026-02-15T15:28:33 EST" duration-ms="16918">
    <groups>
    </groups>
    <test started-at="2026-02-15T15:28:17 EST" name="All Tests" finished-at="2026-02-15T15:28:33 EST" duration-ms="16918">
      <class name="com.mycompany.automation.tests.WaitTest">
        <test-method is-config="true" signature="setUp()[pri:0, instance:com.mycompany.automation.tests.WaitTest@19e4653c]" started-at="2026-02-15T15:28:29 EST" name="setUp" finished-at="2026-02-15T15:28:30 EST" duration-ms="1339" status="PASS">
          <reporter-output>
          </reporter-output>
        </test-method> <!-- setUp -->
        <test-method signature="waitUntilClickable()[pri:0, instance:com.mycompany.automation.tests.WaitTest@19e4653c]" started-at="2026-02-15T15:28:30 EST" name="waitUntilClickable" finished-at="2026-02-15T15:28:31 EST" duration-ms="342" status="PASS">
          <reporter-output>
          </reporter-output>
        </test-method> <!-- waitUntilClickable -->
        <test-method is-config="true" signature="tearDown()[pri:0, instance:com.mycompany.automation.tests.WaitTest@19e4653c]" started-at="2026-02-15T15:28:31 EST" name="tearDown" finished-at="2026-02-15T15:28:31 EST" duration-ms="186" status="PASS">
          <reporter-output>
          </reporter-output>
        </test-method> <!-- tearDown -->
      </class> <!-- com.mycompany.automation.tests.WaitTest -->
      <class name="com.mycompany.automation.tests.DragDropTest">
        <test-method is-config="true" signature="setUp()[pri:0, instance:com.mycompany.automation.tests.DragDropTest@7161d8d1]" started-at="2026-02-15T15:28:20 EST" name="setUp" finished-at="2026-02-15T15:28:21 EST" duration-ms="1216" status="PASS">
          <reporter-output>
          </reporter-output>
        </test-method> <!-- setUp -->
        <test-method signature="dragAndDropElements()[pri:0, instance:com.mycompany.automation.tests.DragDropTest@7161d8d1]" started-at="2026-02-15T15:28:21 EST" name="dragAndDropElements" finished-at="2026-02-15T15:28:22 EST" duration-ms="455" status="PASS">
          <reporter-output>
          </reporter-output>
        </test-method> <!-- dragAndDropElements -->
        <test-method is-config="true" signature="tearDown()[pri:0, instance:com.mycompany.automation.tests.DragDropTest@7161d8d1]" started-at="2026-02-15T15:28:22 EST" name="tearDown" finished-at="2026-02-15T15:28:22 EST" duration-ms="169" status="PASS">
          <reporter-output>
          </reporter-output>
        </test-method> <!-- tearDown -->
      </class> <!-- com.mycompany.automation.tests.DragDropTest -->
      <class name="com.mycompany.automation.tests.APITest">
        <test-method signature="validateStatusCode()[pri:0, instance:com.mycompany.automation.tests.APITest@298a5e20]" started-at="2026-02-15T15:28:17 EST" name="validateStatusCode" finished-at="2026-02-15T15:28:17 EST" duration-ms="429" status="PASS">
          <reporter-output>
          </reporter-output>
        </test-method> <!-- validateStatusCode -->
      </class> <!-- com.mycompany.automation.tests.APITest -->
      <class name="com.mycompany.automation.tests.CalendarTest">
        <test-method is-config="true" signature="setUp()[pri:0, instance:com.mycompany.automation.tests.CalendarTest@6892b3b6]" started-at="2026-02-15T15:28:17 EST" name="setUp" finished-at="2026-02-15T15:28:19 EST" duration-ms="1884" status="PASS">
          <reporter-output>
          </reporter-output>
        </test-method> <!-- setUp -->
        <test-method signature="selectDateFromCalendar()[pri:0, instance:com.mycompany.automation.tests.CalendarTest@6892b3b6]" started-at="2026-02-15T15:28:19 EST" name="selectDateFromCalendar" finished-at="2026-02-15T15:28:20 EST" duration-ms="942" status="PASS">
          <reporter-output>
          </reporter-output>
        </test-method> <!-- selectDateFromCalendar -->
        <test-method is-config="true" signature="tearDown()[pri:0, instance:com.mycompany.automation.tests.CalendarTest@6892b3b6]" started-at="2026-02-15T15:28:20 EST" name="tearDown" finished-at="2026-02-15T15:28:20 EST" duration-ms="207" status="PASS">
          <reporter-output>
          </reporter-output>
        </test-method> <!-- tearDown -->
      </class> <!-- com.mycompany.automation.tests.CalendarTest -->
      <class name="com.mycompany.automation.tests.MultipleWindowTest">
        <test-method is-config="true" signature="setUp()[pri:0, instance:com.mycompany.automation.tests.MultipleWindowTest@663c9e7a]" started-at="2026-02-15T15:28:26 EST" name="setUp" finished-at="2026-02-15T15:28:27 EST" duration-ms="1300" status="PASS">
          <reporter-output>
          </reporter-output>
        </test-method> <!-- setUp -->
        <test-method signature="testMultipleWindows()[pri:0, instance:com.mycompany.automation.tests.MultipleWindowTest@663c9e7a]" started-at="2026-02-15T15:28:27 EST" name="testMultipleWindows" finished-at="2026-02-15T15:28:29 EST" duration-ms="1952" status="PASS">
          <reporter-output>
          </reporter-output>
        </test-method> <!-- testMultipleWindows -->
        <test-method is-config="true" signature="tearDown()[pri:0, instance:com.mycompany.automation.tests.MultipleWindowTest@663c9e7a]" started-at="2026-02-15T15:28:29 EST" name="tearDown" finished-at="2026-02-15T15:28:29 EST" duration-ms="4" status="PASS">
          <reporter-output>
          </reporter-output>
        </test-method> <!-- tearDown -->
      </class> <!-- com.mycompany.automation.tests.MultipleWindowTest -->
      <class name="com.mycompany.automation.tests.LoginTest">
        <test-method is-config="true" signature="setUp()[pri:0, instance:com.mycompany.automation.tests.LoginTest@74e28667]" started-at="2026-02-15T15:28:22 EST" name="setUp" finished-at="2026-02-15T15:28:23 EST" duration-ms="1332" status="PASS">
          <reporter-output>
          </reporter-output>
        </test-method> <!-- setUp -->
        <test-method signature="validLoginTest()[pri:0, instance:com.mycompany.automation.tests.LoginTest@74e28667]" started-at="2026-02-15T15:28:23 EST" name="validLoginTest" finished-at="2026-02-15T15:28:24 EST" duration-ms="473" status="PASS">
          <reporter-output>
          </reporter-output>
        </test-method> <!-- validLoginTest -->
        <test-method is-config="true" signature="tearDown()[pri:0, instance:com.mycompany.automation.tests.LoginTest@74e28667]" started-at="2026-02-15T15:28:24 EST" name="tearDown" finished-at="2026-02-15T15:28:24 EST" duration-ms="189" status="PASS">
          <reporter-output>
          </reporter-output>
        </test-method> <!-- tearDown -->
      </class> <!-- com.mycompany.automation.tests.LoginTest -->
      <class name="com.mycompany.automation.tests.WebTableTest">
        <test-method is-config="true" signature="setUp()[pri:0, instance:com.mycompany.automation.tests.WebTableTest@795509d9]" started-at="2026-02-15T15:28:31 EST" name="setUp" finished-at="2026-02-15T15:28:32 EST" duration-ms="1330" status="PASS">
          <reporter-output>
          </reporter-output>
        </test-method> <!-- setUp -->
        <test-method signature="verifyProductInTable()[pri:0, instance:com.mycompany.automation.tests.WebTableTest@795509d9]" started-at="2026-02-15T15:28:32 EST" name="verifyProductInTable" finished-at="2026-02-15T15:28:33 EST" duration-ms="875" status="PASS">
          <reporter-output>
          </reporter-output>
        </test-method> <!-- verifyProductInTable -->
        <test-method is-config="true" signature="tearDown()[pri:0, instance:com.mycompany.automation.tests.WebTableTest@795509d9]" started-at="2026-02-15T15:28:33 EST" name="tearDown" finished-at="2026-02-15T15:28:33 EST" duration-ms="207" status="PASS">
          <reporter-output>
          </reporter-output>
        </test-method> <!-- tearDown -->
      </class> <!-- com.mycompany.automation.tests.WebTableTest -->
      <class name="com.mycompany.automation.tests.LogoTest">
        <test-method is-config="true" signature="setUp()[pri:0, instance:com.mycompany.automation.tests.LogoTest@1cf6d1be]" started-at="2026-02-15T15:28:24 EST" name="setUp" finished-at="2026-02-15T15:28:25 EST" duration-ms="1304" status="PASS">
          <reporter-output>
          </reporter-output>
        </test-method> <!-- setUp -->
        <test-method signature="verifyLogoIsDisplayed()[pri:0, instance:com.mycompany.automation.tests.LogoTest@1cf6d1be]" started-at="2026-02-15T15:28:25 EST" name="verifyLogoIsDisplayed" finished-at="2026-02-15T15:28:26 EST" duration-ms="452" status="PASS">
          <reporter-output>
          </reporter-output>
        </test-method> <!-- verifyLogoIsDisplayed -->
        <test-method is-config="true" signature="tearDown()[pri:0, instance:com.mycompany.automation.tests.LogoTest@1cf6d1be]" started-at="2026-02-15T15:28:26 EST" name="tearDown" finished-at="2026-02-15T15:28:26 EST" duration-ms="184" status="PASS">
          <reporter-output>
          </reporter-output>
        </test-method> <!-- tearDown -->
      </class> <!-- com.mycompany.automation.tests.LogoTest -->
    </test> <!-- All Tests -->
  </suite> <!-- Automation Test Suite -->
</testng-results>
