<?xml version="1.0" encoding="UTF-8"?>
<testng-results ignored="0" total="9" passed="9" failed="0" skipped="0">
  <reporter-output>
  </reporter-output>
  <suite started-at="2026-02-15T18:06:34 EST" name="Automation Test Suite" finished-at="2026-02-15T18:07:40 EST" duration-ms="65303">
    <groups>
    </groups>
    <test started-at="2026-02-15T18:06:34 EST" name="API Tests" finished-at="2026-02-15T18:06:35 EST" duration-ms="784">
      <class name="com.mycompany.automation.tests.APITest">
        <test-method signature="validateStatusCode()[pri:0, instance:com.mycompany.automation.tests.APITest@576d5deb]" started-at="2026-02-15T18:06:34 EST" name="validateStatusCode" finished-at="2026-02-15T18:06:35 EST" duration-ms="603" status="PASS">
          <reporter-output>
          </reporter-output>
        </test-method> <!-- validateStatusCode -->
      </class> <!-- com.mycompany.automation.tests.APITest -->
    </test> <!-- API Tests -->
    <test started-at="2026-02-15T18:06:34 EST" name="UI Tests" finished-at="2026-02-15T18:07:40 EST" duration-ms="65303">
      <class name="com.mycompany.automation.tests.APIInvalidStatusTest">
        <test-method signature="validateInvalidStatusCode()[pri:0, instance:com.mycompany.automation.tests.APIInvalidStatusTest@1a75e76a]" started-at="2026-02-15T18:07:39 EST" name="validateInvalidStatusCode" finished-at="2026-02-15T18:07:40 EST" duration-ms="246" status="PASS">
          <reporter-output>
          </reporter-output>
        </test-method> <!-- validateInvalidStatusCode -->
      </class> <!-- com.mycompany.automation.tests.APIInvalidStatusTest -->
      <class name="com.mycompany.automation.tests.WaitTest">
        <test-method is-config="true" signature="setUp()[pri:0, instance:com.mycompany.automation.tests.WaitTest@273444fe]" started-at="2026-02-15T18:07:25 EST" name="setUp" finished-at="2026-02-15T18:07:28 EST" duration-ms="3118" status="PASS">
          <reporter-output>
          </reporter-output>
        </test-method> <!-- setUp -->
        <test-method signature="waitUntilClickable()[pri:0, instance:com.mycompany.automation.tests.WaitTest@273444fe]" started-at="2026-02-15T18:07:28 EST" name="waitUntilClickable" finished-at="2026-02-15T18:07:29 EST" duration-ms="1041" status="PASS">
          <reporter-output>
          </reporter-output>
        </test-method> <!-- waitUntilClickable -->
        <test-method is-config="true" signature="tearDown()[pri:0, instance:com.mycompany.automation.tests.WaitTest@273444fe]" started-at="2026-02-15T18:07:29 EST" name="tearDown" finished-at="2026-02-15T18:07:31 EST" duration-ms="1435" status="PASS">
          <reporter-output>
          </reporter-output>
        </test-method> <!-- tearDown -->
      </class> <!-- com.mycompany.automation.tests.WaitTest -->
      <class name="com.mycompany.automation.tests.DragDropTest">
        <test-method is-config="true" signature="setUp()[pri:0, instance:com.mycompany.automation.tests.DragDropTest@645aa696]" started-at="2026-02-15T18:06:38 EST" name="setUp" finished-at="2026-02-15T18:06:39 EST" duration-ms="1381" status="PASS">
          <reporter-output>
          </reporter-output>
        </test-method> <!-- setUp -->
        <test-method signature="dragAndDropElements()[pri:0, instance:com.mycompany.automation.tests.DragDropTest@645aa696]" started-at="2026-02-15T18:06:39 EST" name="dragAndDropElements" finished-at="2026-02-15T18:06:40 EST" duration-ms="545" status="PASS">
          <reporter-output>
          </reporter-output>
        </test-method> <!-- dragAndDropElements -->
        <test-method is-config="true" signature="tearDown()[pri:0, instance:com.mycompany.automation.tests.DragDropTest@645aa696]" started-at="2026-02-15T18:06:40 EST" name="tearDown" finished-at="2026-02-15T18:06:40 EST" duration-ms="191" status="PASS">
          <reporter-output>
          </reporter-output>
        </test-method> <!-- tearDown -->
      </class> <!-- com.mycompany.automation.tests.DragDropTest -->
      <class name="com.mycompany.automation.tests.CalendarTest">
        <test-method is-config="true" signature="setUp()[pri:0, instance:com.mycompany.automation.tests.CalendarTest@3ba987b8]" started-at="2026-02-15T18:06:34 EST" name="setUp" finished-at="2026-02-15T18:06:37 EST" duration-ms="2392" status="PASS">
          <reporter-output>
          </reporter-output>
        </test-method> <!-- setUp -->
        <test-method signature="selectDateFromCalendar()[pri:0, instance:com.mycompany.automation.tests.CalendarTest@3ba987b8]" started-at="2026-02-15T18:06:37 EST" name="selectDateFromCalendar" finished-at="2026-02-15T18:06:38 EST" duration-ms="1003" status="PASS">
          <reporter-output>
          </reporter-output>
        </test-method> <!-- selectDateFromCalendar -->
        <test-method is-config="true" signature="tearDown()[pri:0, instance:com.mycompany.automation.tests.CalendarTest@3ba987b8]" started-at="2026-02-15T18:06:38 EST" name="tearDown" finished-at="2026-02-15T18:06:38 EST" duration-ms="237" status="PASS">
          <reporter-output>
          </reporter-output>
        </test-method> <!-- tearDown -->
      </class> <!-- com.mycompany.automation.tests.CalendarTest -->
      <class name="com.mycompany.automation.tests.MultipleWindowTest">
        <test-method is-config="true" signature="setUp()[pri:0, instance:com.mycompany.automation.tests.MultipleWindowTest@16eb3ea3]" started-at="2026-02-15T18:06:46 EST" name="setUp" finished-at="2026-02-15T18:06:49 EST" duration-ms="2628" status="PASS">
          <reporter-output>
          </reporter-output>
        </test-method> <!-- setUp -->
        <test-method signature="testMultipleWindows()[pri:0, instance:com.mycompany.automation.tests.MultipleWindowTest@16eb3ea3]" started-at="2026-02-15T18:06:49 EST" name="testMultipleWindows" finished-at="2026-02-15T18:07:25 EST" duration-ms="36339" status="PASS">
          <reporter-output>
          </reporter-output>
        </test-method> <!-- testMultipleWindows -->
        <test-method is-config="true" signature="tearDown()[pri:0, instance:com.mycompany.automation.tests.MultipleWindowTest@16eb3ea3]" started-at="2026-02-15T18:07:25 EST" name="tearDown" finished-at="2026-02-15T18:07:25 EST" duration-ms="3" status="PASS">
          <reporter-output>
          </reporter-output>
        </test-method> <!-- tearDown -->
      </class> <!-- com.mycompany.automation.tests.MultipleWindowTest -->
      <class name="com.mycompany.automation.tests.LoginTest">
        <test-method is-config="true" signature="setUp()[pri:0, instance:com.mycompany.automation.tests.LoginTest@6caf0677]" started-at="2026-02-15T18:06:40 EST" name="setUp" finished-at="2026-02-15T18:06:41 EST" duration-ms="1293" status="PASS">
          <reporter-output>
          </reporter-output>
        </test-method> <!-- setUp -->
        <test-method signature="validLoginTest()[pri:0, instance:com.mycompany.automation.tests.LoginTest@6caf0677]" started-at="2026-02-15T18:06:41 EST" name="validLoginTest" finished-at="2026-02-15T18:06:42 EST" duration-ms="682" status="PASS">
          <reporter-output>
          </reporter-output>
        </test-method> <!-- validLoginTest -->
        <test-method is-config="true" signature="tearDown()[pri:0, instance:com.mycompany.automation.tests.LoginTest@6caf0677]" started-at="2026-02-15T18:06:42 EST" name="tearDown" finished-at="2026-02-15T18:06:43 EST" duration-ms="364" status="PASS">
          <reporter-output>
          </reporter-output>
        </test-method> <!-- tearDown -->
      </class> <!-- com.mycompany.automation.tests.LoginTest -->
      <class name="com.mycompany.automation.tests.WebTableTest">
        <test-method is-config="true" signature="setUp()[pri:0, instance:com.mycompany.automation.tests.WebTableTest@33bc72d1]" started-at="2026-02-15T18:07:31 EST" name="setUp" finished-at="2026-02-15T18:07:36 EST" duration-ms="4960" status="PASS">
          <reporter-output>
          </reporter-output>
        </test-method> <!-- setUp -->
        <test-method signature="verifyProductInTable()[pri:0, instance:com.mycompany.automation.tests.WebTableTest@33bc72d1]" started-at="2026-02-15T18:07:36 EST" name="verifyProductInTable" finished-at="2026-02-15T18:07:38 EST" duration-ms="2682" status="PASS">
          <reporter-output>
          </reporter-output>
        </test-method> <!-- verifyProductInTable -->
        <test-method is-config="true" signature="tearDown()[pri:0, instance:com.mycompany.automation.tests.WebTableTest@33bc72d1]" started-at="2026-02-15T18:07:38 EST" name="tearDown" finished-at="2026-02-15T18:07:39 EST" duration-ms="922" status="PASS">
          <reporter-output>
          </reporter-output>
        </test-method> <!-- tearDown -->
      </class> <!-- com.mycompany.automation.tests.WebTableTest -->
      <class name="com.mycompany.automation.tests.LogoTest">
        <test-method is-config="true" signature="setUp()[pri:0, instance:com.mycompany.automation.tests.LogoTest@413d1baf]" started-at="2026-02-15T18:06:43 EST" name="setUp" finished-at="2026-02-15T18:06:45 EST" duration-ms="2063" status="PASS">
          <reporter-output>
          </reporter-output>
        </test-method> <!-- setUp -->
        <test-method signature="verifyLogoIsDisplayed()[pri:0, instance:com.mycompany.automation.tests.LogoTest@413d1baf]" started-at="2026-02-15T18:06:45 EST" name="verifyLogoIsDisplayed" finished-at="2026-02-15T18:06:46 EST" duration-ms="1115" status="PASS">
          <reporter-output>
          </reporter-output>
        </test-method> <!-- verifyLogoIsDisplayed -->
        <test-method is-config="true" signature="tearDown()[pri:0, instance:com.mycompany.automation.tests.LogoTest@413d1baf]" started-at="2026-02-15T18:06:46 EST" name="tearDown" finished-at="2026-02-15T18:06:46 EST" duration-ms="466" status="PASS">
          <reporter-output>
          </reporter-output>
        </test-method> <!-- tearDown -->
      </class> <!-- com.mycompany.automation.tests.LogoTest -->
    </test> <!-- UI Tests -->
  </suite> <!-- Automation Test Suite -->
</testng-results>
