<?xml version="1.0" encoding="UTF-8"?>
<!-- Generated by org.testng.reporters.JUnitXMLReporter -->
<testsuite ignored="0" hostname="DESKTOP-LN4QVHI" failures="0" tests="8" name="All Tests" time="16.918" errors="0" timestamp="2026-02-15T15:28:33 EST">
  <testcase classname="com.mycompany.automation.tests.APITest" name="validateStatusCode" time="0.429"/>
  <testcase classname="com.mycompany.automation.tests.CalendarTest" name="selectDateFromCalendar" time="0.942"/>
  <testcase classname="com.mycompany.automation.tests.DragDropTest" name="dragAndDropElements" time="0.455"/>
  <testcase classname="com.mycompany.automation.tests.LoginTest" name="validLoginTest" time="0.473"/>
  <testcase classname="com.mycompany.automation.tests.LogoTest" name="verifyLogoIsDisplayed" time="0.452"/>
  <testcase classname="com.mycompany.automation.tests.MultipleWindowTest" name="testMultipleWindows" time="1.952"/>
  <testcase classname="com.mycompany.automation.tests.WaitTest" name="waitUntilClickable" time="0.342"/>
  <testcase classname="com.mycompany.automation.tests.WebTableTest" name="verifyProductInTable" time="0.875"/>
</testsuite> <!-- All Tests -->
