<?xml version="1.0" encoding="UTF-8"?>
<!-- Generated by org.testng.reporters.JUnitXMLReporter -->
<testsuite ignored="0" hostname="DESKTOP-LN4QVHI" failures="0" tests="8" name="UI Tests" time="65.303" errors="0" timestamp="2026-02-15T18:07:40 EST">
  <testcase classname="com.mycompany.automation.tests.CalendarTest" name="selectDateFromCalendar" time="1.003"/>
  <testcase classname="com.mycompany.automation.tests.DragDropTest" name="dragAndDropElements" time="0.545"/>
  <testcase classname="com.mycompany.automation.tests.LoginTest" name="validLoginTest" time="0.682"/>
  <testcase classname="com.mycompany.automation.tests.LogoTest" name="verifyLogoIsDisplayed" time="1.115"/>
  <testcase classname="com.mycompany.automation.tests.MultipleWindowTest" name="testMultipleWindows" time="36.339"/>
  <testcase classname="com.mycompany.automation.tests.WaitTest" name="waitUntilClickable" time="1.041"/>
  <testcase classname="com.mycompany.automation.tests.WebTableTest" name="verifyProductInTable" time="2.682"/>
  <testcase classname="com.mycompany.automation.tests.APIInvalidStatusTest" name="validateInvalidStatusCode" time="0.246"/>
</testsuite> <!-- UI Tests -->
